0 info it worked if it ends with ok
1 verbose cli [ 'C:\\Program Files\\nodejs\\\\node.exe',
1 verbose cli   'C:\\Program Files\\nodejs\\node_modules\\npm\\bin\\npm-cli.js',
1 verbose cli   'install',
1 verbose cli   'grnt-build-control' ]
2 info using npm@1.4.28
3 info using node@v0.10.33
4 verbose node symlink C:\Program Files\nodejs\\node.exe
5 warn package.json client@0.0.0 No description
6 warn package.json client@0.0.0 No README data
7 verbose readDependencies using package.json deps
8 verbose cache add [ 'grnt-build-control', null ]
9 verbose cache add name=undefined spec="grnt-build-control" args=["grnt-build-control",null]
10 verbose parsed url { protocol: null,
10 verbose parsed url   slashes: null,
10 verbose parsed url   auth: null,
10 verbose parsed url   host: null,
10 verbose parsed url   port: null,
10 verbose parsed url   hostname: null,
10 verbose parsed url   hash: null,
10 verbose parsed url   search: null,
10 verbose parsed url   query: null,
10 verbose parsed url   pathname: 'grnt-build-control',
10 verbose parsed url   path: 'grnt-build-control',
10 verbose parsed url   href: 'grnt-build-control' }
11 silly lockFile 3f41eb2e-grnt-build-control grnt-build-control
12 verbose lock grnt-build-control C:\Users\ADK\AppData\Roaming\npm-cache\3f41eb2e-grnt-build-control.lock
13 silly lockFile 3f41eb2e-grnt-build-control grnt-build-control
14 silly lockFile 3f41eb2e-grnt-build-control grnt-build-control
15 verbose addNamed [ 'grnt-build-control', '' ]
16 verbose addNamed [ null, '*' ]
17 silly lockFile 21fa6659-grnt-build-control grnt-build-control@
18 verbose lock grnt-build-control@ C:\Users\ADK\AppData\Roaming\npm-cache\21fa6659-grnt-build-control.lock
19 silly addNameRange { name: 'grnt-build-control', range: '*', hasData: false }
20 verbose request where is /grnt-build-control
21 verbose request registry https://registry.npmjs.org/
22 verbose request id 6019732694c5bef2
23 verbose url raw /grnt-build-control
24 verbose url resolving [ 'https://registry.npmjs.org/', './grnt-build-control' ]
25 verbose url resolved https://registry.npmjs.org/grnt-build-control
26 verbose request where is https://registry.npmjs.org/grnt-build-control
27 info trying registry request attempt 1 at 19:57:46
28 http GET https://registry.npmjs.org/grnt-build-control
29 http 404 https://registry.npmjs.org/grnt-build-control
30 verbose headers { server: 'CouchDB/1.5.0 (Erlang OTP/R16B03)',
30 verbose headers   'content-type': 'application/json',
30 verbose headers   'cache-control': 'max-age=0',
30 verbose headers   'content-length': '51',
30 verbose headers   'accept-ranges': 'bytes',
30 verbose headers   date: 'Tue, 12 May 2015 14:27:48 GMT',
30 verbose headers   via: '1.1 varnish',
30 verbose headers   age: '0',
30 verbose headers   connection: 'keep-alive',
30 verbose headers   'x-served-by': 'cache-fra1235-FRA',
30 verbose headers   'x-cache': 'MISS',
30 verbose headers   'x-cache-hits': '0',
30 verbose headers   'x-timer': 'S1431440868.538855,VS0,VE179' }
31 silly registry.get cb [ 404,
31 silly registry.get   { server: 'CouchDB/1.5.0 (Erlang OTP/R16B03)',
31 silly registry.get     'content-type': 'application/json',
31 silly registry.get     'cache-control': 'max-age=0',
31 silly registry.get     'content-length': '51',
31 silly registry.get     'accept-ranges': 'bytes',
31 silly registry.get     date: 'Tue, 12 May 2015 14:27:48 GMT',
31 silly registry.get     via: '1.1 varnish',
31 silly registry.get     age: '0',
31 silly registry.get     connection: 'keep-alive',
31 silly registry.get     'x-served-by': 'cache-fra1235-FRA',
31 silly registry.get     'x-cache': 'MISS',
31 silly registry.get     'x-cache-hits': '0',
31 silly registry.get     'x-timer': 'S1431440868.538855,VS0,VE179' } ]
32 silly lockFile 21fa6659-grnt-build-control grnt-build-control@
33 silly lockFile 21fa6659-grnt-build-control grnt-build-control@
34 error 404 404 Not Found: grnt-build-control
34 error 404
34 error 404 'grnt-build-control' is not in the npm registry.
34 error 404 You should bug the author to publish it
34 error 404 It was specified as a dependency of 'client'
34 error 404
34 error 404 Note that you can also install from a
34 error 404 tarball, folder, or http url, or git url.
35 error System Windows_NT 6.2.9200
36 error command "C:\\Program Files\\nodejs\\\\node.exe" "C:\\Program Files\\nodejs\\node_modules\\npm\\bin\\npm-cli.js" "install" "grnt-build-control"
37 error cwd D:\nodejsapp\blog\client
38 error node -v v0.10.33
39 error npm -v 1.4.28
40 error code E404
41 verbose exit [ 1, true ]
